app/seeds.txt
com.demo.home.booking.datePicker.Day
com.demo.DataBinderMapperImpl
com.demo.SplashActivity
com.demo.news.NewsResponseModel$Newslist
com.demo.databinding.ItemVirtualmeetBindingImpl
com.demo.home.profile.MyProfilePagerAdapter
com.demo.home.booking.BookingConfirmedFragment$3
com.demo.home.CarSearchResultAdapter$ViewHolder
com.demo.home.model.CarSearchRequestModel
com.demo.home.profile.MyDemoTripsFragment$MyReceiver
com.demo.databinding.ItemScheduleLaterTimeBindingImpl
com.demo.utils.PrintLog
com.demo.webservice.RestClient
com.demo.carDetails.CarDetailsActivity$1
com.demo.home.model.CategoryResponse$productcategory
com.demo.databinding.LayoutDemoOptionsBinding
com.demo.home.booking.datePicker.HorizontalPickerRecyclerView
com.demo.utils.ClickHandlers
com.demo.carDetails.model.CarDetailsSpecificationModel
com.demo.R$dimen
com.demo.launch.LaunchListAdapter$ViewHolder
com.demo.databinding.ItemFavSpecialistsBinding
com.demo.databinding.FragmentTakedemoBinding
com.demo.home.booking.DemoPlaceBookingFragment$1
com.demo.databinding.ItemTopDealersBinding
com.demo.databinding.DialogInvoiceBinding
com.demo.home.TakeADemoFragment$1
com.demo.registrationLogin.model.RegistrationRequestModel
com.demo.notifications.NotificationsAdapter$ViewHolder
com.demo.utils.LocationUtils$4
com.demo.home.model.CarDealerResponseModel
com.demo.registrationLogin.model.OtpResponseModel$ExistUsersInfo
com.demo.home.profile.MyDemoTripsListFragment$3
com.demo.databinding.LayoutDemoPlaceBindingImpl
com.demo.databinding.FragmentCarSuggestionBindingImpl
com.demo.home.booking.model.MapLocationResponseModel$Maplocationlist
com.demo.carDetails.model.CarPorfomaInvoiceModel$Porfomainvoice
com.demo.databinding.ItemFavSpecialistsBindingImpl
com.demo.webservice.ConnectionUtils
com.demo.databinding.BottomMenuBindingImpl
com.demo.databinding.FragmentCancelDemoBindingImpl
com.demo.databinding.ActivityNewsPagerBinding
com.demo.databinding.ActivityCarDetailsBinding
com.demo.home.booking.model.CancelBookingModel
com.demo.R$drawable
com.demo.carDetails.model.CarDetailResponse$Carawardbanner
com.demo.home.booking.ScheduleBookingFragment$1
com.demo.databinding.ItemScheduleLaterTimeBinding
com.demo.webservice.ApiClient
com.demo.databinding.FragmentNotificationsBinding
com.demo.home.HomeMenuAdapter
com.demo.databinding.ItemNewsPagerBinding
com.demo.databinding.DialogSearchCarBinding
com.demo.registrationLogin.ForgotPinFragment
com.demo.BuildConfig
com.demo.registrationLogin.model.CommanRequestModel
com.demo.home.meeting.VirtualMeetFragment
com.demo.webservice.RestClient$2
com.demo.home.booking.DemoPlaceBookingFragment$3
com.demo.databinding.DialogUploadCertificateBinding
com.demo.home.CarSearchResultAdapter$1
com.demo.registrationLogin.ResetPinFragment
com.demo.home.model.viewmodel.AppContentViewModel$1
com.demo.home.CarBannerFragment
com.demo.R$style
com.demo.databinding.FragmentProfileBindingImpl
com.demo.home.profile.MyDemoTripsListFragment$2
com.demo.databinding.ItemCarReviewsBinding
com.demo.home.model.viewmodel.VirtualMeetingPlaceViewModel
com.demo.utils.RecorderUtils
com.demo.DataBinderMapperImpl$InnerBrLookup
com.demo.launch.LaunchPagerFragment
com.demo.launch.LaunchActivity$1
com.demo.DemoApp
com.demo.BaseActivity
com.demo.carDetails.model.CarDetailRequest
com.demo.registrationLogin.LoginActivity$1$1
com.demo.home.meeting.MeetingPlaceFragment$1
com.demo.databinding.ItemImageviewBinding
com.demo.home.booking.datePicker.HorizontalPickerRecyclerView$3
com.demo.news.NewsPagerFragment$2
com.demo.home.TakeADemoFragment
com.demo.home.SearchFragment$4
com.demo.R$string
com.demo.utils.customviews.AVLoadingIndicatorView$2
com.demo.home.profile.MyDemoTripsListFragment$1
com.demo.databinding.NameLayoutBindingImpl$1
com.demo.databinding.ItemNewsBinding
com.demo.home.booking.model.LaterOptionModel$laterbookingoption
com.demo.registrationLogin.model.HeaderModel
com.demo.R$bool
com.demo.databinding.ActivityLoginBindingImpl$OnClickListenerImpl3
com.demo.faq.model.FAQResponseModel
...
com.google.android.gms.common.zzo: com.google.android.gms.common.zzo[] values()
com.google.android.material.textfield.MaterialAutoCompleteTextView: java.lang.CharSequence getHint()
com.google.android.material.tabs.TabLayout: int getTabGravity()
androidx.recyclerview.widget.RecyclerView: void setLayoutTransition(android.animation.LayoutTransition)
com.google.android.material.chip.ChipGroup: void setChipSpacingResource(int)
com.sinch.android.rtc.internal.client.DefaultManagedPush$PushServiceProviderName: com.sinch.android.rtc.internal.client.DefaultManagedPush$PushServiceProviderName[] values()
androidx.appcompat.widget.ActionBarOverlayLayout: java.lang.CharSequence getTitle()
androidx.coordinatorlayout.widget.CoordinatorLayout$Behavior: CoordinatorLayout$Behavior(android.content.Context,android.util.AttributeSet)
com.google.android.material.chip.Chip: float getChipCornerRadius()
com.google.android.material.card.MaterialCardView: android.content.res.ColorStateList getStrokeColorStateList()
androidx.lifecycle.ReportFragment$LifecycleCallbacks: void onActivityCreated(android.app.Activity,android.os.Bundle)
androidx.appcompat.widget.AbsActionBarView: AbsActionBarView(android.content.Context,android.util.AttributeSet)
androidx.appcompat.widget.Toolbar: java.lang.CharSequence getCollapseContentDescription()
androidx.appcompat.widget.AppCompatTextView: void setAutoSizeTextTypeWithDefaults(int)
com.google.android.material.floatingactionbutton.FloatingActionButton: void setVisibility(int)
org.webrtc.Histogram: long nativeCreateCounts(java.lang.String,int,int,int)
com.google.android.material.card.MaterialCardView: void setRippleColorResource(int)
com.google.android.material.appbar.HeaderBehavior: HeaderBehavior(android.content.Context,android.util.AttributeSet)
androidx.appcompat.widget.MenuPopupWindow$MenuDropDownListView: void setHoverListener(androidx.appcompat.widget.MenuItemHoverListener)
org.joda.time.chrono.AssembledChronology: void readObject(java.io.ObjectInputStream)
androidx.appcompat.widget.ScrollingTabContainerView: void setTabSelected(int)
org.webrtc.NV21Buffer: void nativeCropAndScale(int,int,int,int,int,int,byte[],int,int,java.nio.ByteBuffer,int,java.nio.ByteBuffer,int,java.nio.ByteBuffer,int)
com.google.android.material.snackbar.BaseTransientBottomBar$SnackbarBaseLayout: void setBackgroundTintList(android.content.res.ColorStateList)
androidx.appcompat.widget.AppCompatRadioButton: void setSupportBackgroundTintMode(android.graphics.PorterDuff$Mode)
androidx.appcompat.widget.AppCompatTextView: android.content.res.ColorStateList getSupportBackgroundTintList()
androidx.appcompat.widget.LinearLayoutCompat: int getShowDividers()
com.facebook.appevents.ondeviceprocessing.RemoteServiceWrapper$ServiceResult: com.facebook.appevents.ondeviceprocessing.RemoteServiceWrapper$ServiceResult valueOf(java.lang.String)
com.google.android.material.textfield.TextInputLayout: void setHelperTextEnabled(boolean)
okhttp3.TlsVersion: okhttp3.TlsVersion[] values()
androidx.lifecycle.EmptyActivityLifecycleCallbacks: void onActivityPaused(android.app.Activity)
com.google.android.material.button.MaterialButton: int getIconPadding()
org.webrtc.SurfaceViewRenderer: void setScalingType(org.webrtc.RendererCommon$ScalingType)
androidx.viewpager.widget.ViewPager: int getCurrentItem()
com.google.android.material.textfield.TextInputLayout: void setHint(int)
com.google.android.material.textfield.TextInputLayout: android.widget.EditText getEditText()
org.webrtc.VideoFrame$TextureBuffer$Type: org.webrtc.VideoFrame$TextureBuffer$Type valueOf(java.lang.String)
androidx.appcompat.widget.AppCompatTextView: androidx.core.text.PrecomputedTextCompat$Params getTextMetricsParamsCompat()
com.google.android.material.button.MaterialButton: void setRippleColorResource(int)
com.google.android.material.chip.ChipGroup: void setShowDividerVertical(int)
com.google.android.material.card.MaterialCardView: void setCardBackgroundColor(int)