app/mapping.txt
# compiler: R8
# compiler_version: 3.0.69
# min_api: 28
# pg_map_id: df903e5
# common_typos_disable
com.demo.BR -> com.demo.BR:
    3:3:void <init>() -> <init>
com.demo.BaseActivity -> com.demo.BaseActivity:
    com.demo.utils.SharedPrefUtils sharedPrefUtils -> B
    java.util.List label -> D
    com.demo.home.model.HomeModel homeModel -> C
    31:31:void <init>() -> <init>
    void $r8$lambda$D4ubQD8jyQwo19sxyi3jgEOSEGA(com.demo.BaseActivity,com.demo.databinding.BottomMenuBinding,com.demo.home.model.AppContentModel) -> P
    void $r8$lambda$weC6lPUTeTsystiDRYMGQBMsm0w(com.demo.BaseActivity,androidx.recyclerview.widget.RecyclerView,com.demo.home.model.AppContentModel) -> Q
    81:82:void NavigateToActivity(android.content.Intent) -> R
    68:75:void lambda$setBottomMenuLabels$1(com.demo.databinding.BottomMenuBinding,com.demo.home.model.AppContentModel) -> S
    55:59:void lambda$setMenuLabels$0(androidx.recyclerview.widget.RecyclerView,com.demo.home.model.AppContentModel) -> T
    64:76:void setBottomMenuLabels(com.demo.databinding.BottomMenuBinding) -> U
    50:60:java.util.List setMenuLabels(androidx.recyclerview.widget.RecyclerView) -> V
    87:92:void attachBaseContext(android.content.Context) -> attachBaseContext
    40:47:void onCreate(android.os.Bundle) -> onCreate
com.demo.BuildConfig -> com.demo.BuildConfig:
    7:7:void <clinit>() -> <clinit>
    6:6:void <init>() -> <init>
com.demo.DataBinderMapperImpl -> com.demo.DataBinderMapperImpl:
    android.util.SparseIntArray INTERNAL_LAYOUT_ID_LOOKUP -> a
    221:291:void <clinit>() -> <clinit>
    86:86:void <init>() -> <init>
    765:767:java.util.List collectDependencies() -> a
    711:728:androidx.databinding.ViewDataBinding getDataBinder(androidx.databinding.DataBindingComponent,android.view.View,int) -> b
    733:745:androidx.databinding.ViewDataBinding getDataBinder(androidx.databinding.DataBindingComponent,android.view.View[],int) -> c
    295:597:androidx.databinding.ViewDataBinding internalGetViewDataBinding0(androidx.databinding.DataBindingComponent,android.view.View,int,java.lang.Object) -> d
    602:706:androidx.databinding.ViewDataBinding internalGetViewDataBinding1(androidx.databinding.DataBindingComponent,android.view.View,int,java.lang.Object) -> e
com.demo.DataBinderMapperImpl$InnerBrLookup -> com.demo.DataBinderMapperImpl$InnerBrLookup:
    android.util.SparseArray sKeys -> a
    771:824:void <clinit>() -> <clinit>
    770:770:void <init>() -> <init>
com.demo.DataBinderMapperImpl$InnerLayoutIdLookup -> com.demo.DataBinderMapperImpl$InnerLayoutIdLookup:
    java.util.HashMap sKeys -> a
    828:898:void <clinit>() -> <clinit>
    827:827:void <init>() -> <init>
com.demo.DataBindingTriggerClass -> com.demo.DataBindingTriggerClass:
    4:4:void <init>() -> <init>
com.demo.DemoApp -> com.demo.DemoApp:
    8:8:void <init>() -> <init>
    11:14:void onCreate() -> onCreate
com.demo.R$styleable -> com.demo.R$styleable:
    int[] AVLoadingIndicatorView -> a
com.demo.SplashActivity -> com.demo.SplashActivity:
# {"id":"sourceFile","fileName":"SplashActivity.kt"}
    15:15:void <init>() -> <init>
    void $r8$lambda$dmBDrPvmlAbForor6Gfdu965fEw(com.demo.SplashActivity) -> P
    35:48:void NavigateToNextActivity(android.content.Context) -> Q
    26:29:void onCreate$lambda-0(com.demo.SplashActivity) -> R
    18:30:void onCreate(android.os.Bundle) -> onCreate
...
com.google.android.gms.internal.measurement.zzn -> e12:
# {"id":"sourceFile","fileName":"com.google.android.gms:play-services-measurement@@19.0.2"}
    1:2:void <init>(java.lang.String,com.google.android.gms.internal.measurement.zzo) -> <init>
    com.google.android.gms.internal.measurement.zzap zza(com.google.android.gms.internal.measurement.zzg,java.util.List) -> b
com.google.android.gms.internal.measurement.zzna -> i12:
# {"id":"sourceFile","fileName":"com.google.android.gms:play-services-measurement-impl@@19.0.2"}
    com.google.android.gms.internal.measurement.zzib zzb -> m
    com.google.android.gms.internal.measurement.zzna zza -> n
    1:1:void <clinit>() -> <clinit>
    1:2:void <init>() -> <init>
    1:1:java.lang.Object zza() -> a
    1:1:com.google.android.gms.internal.measurement.zznb zzb() -> b
    1:1:boolean zzc() -> c
    1:1:boolean zzd() -> d
    1:1:boolean zze() -> e
    1:1:boolean zzf() -> f
com.google.android.gms.internal.measurement.zznb -> j12:
# {"id":"sourceFile","fileName":"com.google.android.gms:play-services-measurement-impl@@19.0.2"}
    boolean zza() -> a
    boolean zzb() -> b
    boolean zzc() -> c
    boolean zzd() -> d
com.google.android.gms.internal.measurement.zznc -> k12:
# {"id":"sourceFile","fileName":"com.google.android.gms:play-services-measurement-impl@@19.0.2"}
    com.google.android.gms.internal.measurement.zzhu zzb -> b
    com.google.android.gms.internal.measurement.zzhu zza -> a
    com.google.android.gms.internal.measurement.zzhu zzc -> c
    1:5:void <clinit>() -> <clinit>
    boolean zza() -> a
    1:1:boolean zzb() -> b
    1:1:boolean zzc() -> c
    1:1:boolean zzd() -> d
com.google.android.gms.internal.measurement.zznd -> l12:
# {"id":"sourceFile","fileName":"com.google.android.gms:play-services-measurement-impl@@19.0.2"}
    com.google.android.gms.internal.measurement.zzib zzb -> m
    com.google.android.gms.internal.measurement.zznd zza -> n
    1:1:void <clinit>() -> <clinit>
    1:2:void <init>() -> <init>
    1:1:java.lang.Object zza() -> a
    1:1:com.google.android.gms.internal.measurement.zzne zzb() -> b
    1:1:boolean zzc() -> c
com.google.android.gms.internal.measurement.zzne -> m12:
# {"id":"sourceFile","fileName":"com.google.android.gms:play-services-measurement-impl@@19.0.2"}
    boolean zza() -> a
com.google.android.gms.internal.measurement.zznf -> n12:
# {"id":"sourceFile","fileName":"com.google.android.gms:play-services-measurement-impl@@19.0.2"}
    com.google.android.gms.internal.measurement.zzhu zza -> a
    1:3:void <clinit>() -> <clinit>
    1:1:boolean zza() -> a
com.google.android.gms.internal.measurement.zzng -> o12:
# {"id":"sourceFile","fileName":"com.google.android.gms:play-services-measurement-impl@@19.0.2"}
    com.google.android.gms.internal.measurement.zzng zza -> n
    com.google.android.gms.internal.measurement.zzib zzb -> m
    1:1:void <clinit>() -> <clinit>
    1:2:void <init>() -> <init>
    1:1:java.lang.Object zza() -> a
    1:1:com.google.android.gms.internal.measurement.zznh zzb() -> b
    1:1:boolean zzc() -> c
com.google.android.gms.internal.measurement.zznh -> p12:
# {"id":"sourceFile","fileName":"com.google.android.gms:play-services-measurement-impl@@19.0.2"}
    boolean zza() -> a
com.google.android.gms.internal.measurement.zzni -> q12:
# {"id":"sourceFile","fileName":"com.google.android.gms:play-services-measurement-impl@@19.0.2"}
    com.google.android.gms.internal.measurement.zzhu zza -> a
    1:2:void <clinit>() -> <clinit>
    1:1:boolean zza() -> a
com.google.android.gms.internal.measurement.zznj -> r12:
# {"id":"sourceFile","fileName":"com.google.android.gms:play-services-measurement-impl@@19.0.2"}
    com.google.android.gms.internal.measurement.zznj zza -> n
    com.google.android.gms.internal.measurement.zzib zzb -> m
    1:1:void <clinit>() -> <clinit>
    1:2:void <init>() -> <init>
    1:1:java.lang.Object zza() -> a
    1:1:com.google.android.gms.internal.measurement.zznk zzb() -> b
    1:1:boolean zzc() -> c