app/unused.txt
com.demo.BR:
    public static final int _all
    public static final int appContentModel
    public static final int bikeImage
    public static final int bookingDetail
    public static final int brand
    public static final int carDealerModel
    public static final int carDetailModel
    public static final int carDetailReviewModel
    public static final int carDetailSpecification
    public static final int carImage
    public static final int carInvoice
    public static final int carListTitle
    public static final int carName
    public static final int carPrice
    public static final int carRateing
    public static final int carSearchResult
    public static final int carSearchResultModel
    public static final int carlist
    public static final int demoTrips
    public static final int descriptions
    public static final int email
    public static final int favouriteSpecialists
    public static final int filter
    public static final int firstName
    public static final int fuelType
    public static final int handler
    public static final int handlers
    public static final int headerMessage
    public static final int headermodel
    public static final int homeModel
    public static final int imageUrl
    public static final int isregister
    public static final int lastName
    public static final int launchModel
    public static final int loginrequestmodel
    public static final int menu
    public static final int menuModel
com.demo.BuildConfig:
    public static final java.lang.String APPLICATION_ID
    public static final java.lang.String BUILD_TYPE
    public static final int VERSION_CODE
    public static final java.lang.String VERSION_NAME
com.demo.DataBinderMapperImpl:
    private static final int LAYOUT_ACTIVITYCARDETAILS
    private static final int LAYOUT_ACTIVITYFAQS
    private static final int LAYOUT_ACTIVITYFORGOTPASSWORD
    private static final int LAYOUT_ACTIVITYHOME
    private static final int LAYOUT_ACTIVITYLAUNCH
    private static final int LAYOUT_ACTIVITYLOGIN
    private static final int LAYOUT_ACTIVITYNEWS
    private static final int LAYOUT_ACTIVITYNEWSPAGER
    private static final int LAYOUT_ACTIVITYNOTIFICATIONS
    private static final int LAYOUT_ACTIVITYREGISTRATION
    private static final int LAYOUT_ACTIVITYREWARDS
    private static final int LAYOUT_ACTIVITYTUTORIAL
    private static final int LAYOUT_BOTTOMMENU
    private static final int LAYOUT_COMMANHEADERLAYOUT
    private static final int LAYOUT_DIALOGINVOICE
    private static final int LAYOUT_DIALOGMYTRIPS
    private static final int LAYOUT_DIALOGREVIEWS
    private static final int LAYOUT_DIALOGSEARCHCAR
    private static final int LAYOUT_DIALOGUPLOADCERTIFICATE
    private static final int LAYOUT_ENTERVERIFICATIONCODE
    private static final int LAYOUT_FRAGMENTBANNER
    private static final int LAYOUT_FRAGMENTBOOKINGBOOKED
    private static final int LAYOUT_FRAGMENTCANCELDEMO
    private static final int LAYOUT_FRAGMENTCARSUGGESTION
    private static final int LAYOUT_FRAGMENTFAQQUESTION
    private static final int LAYOUT_FRAGMENTFAVOURITEDEMOSPECIALIST
    private static final int LAYOUT_FRAGMENTFORGOTPIN
...
androidx.core.view.accessibility.AccessibilityViewCommand$SetProgressArguments:
    public float getProgress()
androidx.core.view.accessibility.AccessibilityViewCommand$SetSelectionArguments:
    public int getEnd()
    public int getStart()
androidx.core.view.accessibility.AccessibilityViewCommand$SetTextArguments:
    public java.lang.CharSequence getText()
androidx.core.view.accessibility.AccessibilityWindowInfoCompat
androidx.core.view.animation.PathInterpolatorApi14
androidx.core.view.animation.PathInterpolatorCompat
androidx.core.view.inputmethod.EditorInfoCompat$Impl30:
    private void <init>()
    static java.lang.CharSequence getInitialSelectedText(android.view.inputmethod.EditorInfo,int)
    static java.lang.CharSequence getInitialTextAfterCursor(android.view.inputmethod.EditorInfo,int,int)
    static java.lang.CharSequence getInitialTextBeforeCursor(android.view.inputmethod.EditorInfo,int,int)
androidx.core.view.inputmethod.EditorInfoCompat:
    private static final java.lang.String CONTENT_MIME_TYPES_INTEROP_KEY
    private static final java.lang.String CONTENT_MIME_TYPES_KEY
    private static final java.lang.String CONTENT_SELECTION_END_KEY
    private static final java.lang.String CONTENT_SELECTION_HEAD_KEY
    private static final java.lang.String CONTENT_SURROUNDING_TEXT_KEY
    public static final int IME_FLAG_FORCE_ASCII
    public static final int IME_FLAG_NO_PERSONALIZED_LEARNING
    static final int MAX_INITIAL_SELECTION_LENGTH
    static final int MEMORY_EFFICIENT_TEXT_LENGTH
    public void <init>()
    public static java.lang.CharSequence getInitialSelectedText(android.view.inputmethod.EditorInfo,int)
    public static java.lang.CharSequence getInitialTextAfterCursor(android.view.inputmethod.EditorInfo,int,int)
    public static java.lang.CharSequence getInitialTextBeforeCursor(android.view.inputmethod.EditorInfo,int,int)
    static int getProtocol(android.view.inputmethod.EditorInfo)
androidx.core.view.inputmethod.InputConnectionCompat:
    private static final java.lang.String COMMIT_CONTENT_ACTION
    private static final java.lang.String COMMIT_CONTENT_CONTENT_URI_INTEROP_KEY
    private static final java.lang.String COMMIT_CONTENT_CONTENT_URI_KEY
    private static final java.lang.String COMMIT_CONTENT_DESCRIPTION_INTEROP_KEY
    private static final java.lang.String COMMIT_CONTENT_DESCRIPTION_KEY
    private static final java.lang.String COMMIT_CONTENT_FLAGS_INTEROP_KEY
    private static final java.lang.String COMMIT_CONTENT_FLAGS_KEY
    private static final java.lang.String COMMIT_CONTENT_INTEROP_ACTION
    private static final java.lang.String COMMIT_CONTENT_LINK_URI_INTEROP_KEY
    private static final java.lang.String COMMIT_CONTENT_LINK_URI_KEY
    private static final java.lang.String COMMIT_CONTENT_OPTS_INTEROP_KEY
    private static final java.lang.String COMMIT_CONTENT_OPTS_KEY
    private static final java.lang.String COMMIT_CONTENT_RESULT_INTEROP_RECEIVER_KEY
    private static final java.lang.String COMMIT_CONTENT_RESULT_RECEIVER_KEY
    public static final int INPUT_CONTENT_GRANT_READ_URI_PERMISSION
    public void <init>()
    public static boolean commitContent(android.view.inputmethod.InputConnection,android.view.inputmethod.EditorInfo,androidx.core.view.inputmethod.InputContentInfoCompat,int,android.os.Bundle)
androidx.core.view.inputmethod.InputContentInfoCompat$InputContentInfoCompatApi25Impl:
    public void releasePermission()
androidx.core.view.inputmethod.InputContentInfoCompat$InputContentInfoCompatBaseImpl:
    public void releasePermission()
androidx.core.view.inputmethod.InputContentInfoCompat$InputContentInfoCompatImpl:
    public abstract void releasePermission()
androidx.core.view.inputmethod.InputContentInfoCompat:
    public void releasePermission()